<?xml version="1.0" encoding="UTF-8" standalone="yes"?><!DOCTYPE report PUBLIC "-//JACOCO//DTD Report 1.1//EN" "report.dtd"><report name="StringPalindrome"><sessioninfo id="Keshars-MacBook-Air.local-dcb75208" start="1638251012679" dump="1638251013477"/><sessioninfo id="Keshars-MacBook-Air.local-1bb4bb3d" start="1638251950342" dump="1638251951147"/><sessioninfo id="Keshars-MacBook-Air.local-7188aec2" start="1638252200324" dump="1638252201048"/><sessioninfo id="Keshars-MacBook-Air.local-d1ce39ca" start="1638252234057" dump="1638252234599"/><sessioninfo id="Keshars-MacBook-Air.local-977df710" start="1638252312398" dump="1638252312959"/></report>